[2023-10-01T12:55:37.389+0000] {taskinstance.py:1171} INFO - Dependencies all met for <TaskInstance: Milestone3.load_data manual__2023-10-01T12:55:35.649922+00:00 [queued]>
[2023-10-01T12:55:37.403+0000] {taskinstance.py:1171} INFO - Dependencies all met for <TaskInstance: Milestone3.load_data manual__2023-10-01T12:55:35.649922+00:00 [queued]>
[2023-10-01T12:55:37.404+0000] {taskinstance.py:1368} INFO - 
--------------------------------------------------------------------------------
[2023-10-01T12:55:37.405+0000] {taskinstance.py:1369} INFO - Starting attempt 1 of 1
[2023-10-01T12:55:37.406+0000] {taskinstance.py:1370} INFO - 
--------------------------------------------------------------------------------
[2023-10-01T12:55:37.424+0000] {taskinstance.py:1389} INFO - Executing <Task(PythonOperator): load_data> on 2023-10-01 12:55:35.649922+00:00
[2023-10-01T12:55:37.430+0000] {standard_task_runner.py:52} INFO - Started process 357 to run task
[2023-10-01T12:55:37.434+0000] {standard_task_runner.py:79} INFO - Running: ['***', 'tasks', 'run', 'Milestone3', 'load_data', 'manual__2023-10-01T12:55:35.649922+00:00', '--job-id', '15', '--raw', '--subdir', 'DAGS_FOLDER/P2M3_maulana_priadhi_gajadi.py', '--cfg-path', '/tmp/tmprqir_t94', '--error-file', '/tmp/tmpjm9g22pg']
[2023-10-01T12:55:37.436+0000] {standard_task_runner.py:80} INFO - Job 15: Subtask load_data
[2023-10-01T12:55:37.517+0000] {task_command.py:371} INFO - Running <TaskInstance: Milestone3.load_data manual__2023-10-01T12:55:35.649922+00:00 [running]> on host 7f9228e255c3
[2023-10-01T12:55:37.604+0000] {taskinstance.py:1583} INFO - Exporting the following env vars:
AIRFLOW_CTX_DAG_OWNER=Maulana
AIRFLOW_CTX_DAG_ID=Milestone3
AIRFLOW_CTX_TASK_ID=load_data
AIRFLOW_CTX_EXECUTION_DATE=2023-10-01T12:55:35.649922+00:00
AIRFLOW_CTX_TRY_NUMBER=1
AIRFLOW_CTX_DAG_RUN_ID=manual__2023-10-01T12:55:35.649922+00:00
[2023-10-01T12:55:38.053+0000] {python.py:173} INFO - Done. Returned value was: None
[2023-10-01T12:55:38.068+0000] {taskinstance.py:1412} INFO - Marking task as SUCCESS. dag_id=Milestone3, task_id=load_data, execution_date=20231001T125535, start_date=20231001T125537, end_date=20231001T125538
[2023-10-01T12:55:38.129+0000] {local_task_job.py:156} INFO - Task exited with return code 0
[2023-10-01T12:55:38.187+0000] {local_task_job.py:279} INFO - 0 downstream tasks scheduled from follow-on schedule check
