[2023-10-01T12:57:38.317+0000] {taskinstance.py:1171} INFO - Dependencies all met for <TaskInstance: Milestone3.cleaning_data manual__2023-10-01T12:57:35.039442+00:00 [queued]>
[2023-10-01T12:57:38.329+0000] {taskinstance.py:1171} INFO - Dependencies all met for <TaskInstance: Milestone3.cleaning_data manual__2023-10-01T12:57:35.039442+00:00 [queued]>
[2023-10-01T12:57:38.331+0000] {taskinstance.py:1368} INFO - 
--------------------------------------------------------------------------------
[2023-10-01T12:57:38.332+0000] {taskinstance.py:1369} INFO - Starting attempt 1 of 1
[2023-10-01T12:57:38.333+0000] {taskinstance.py:1370} INFO - 
--------------------------------------------------------------------------------
[2023-10-01T12:57:38.349+0000] {taskinstance.py:1389} INFO - Executing <Task(PythonOperator): cleaning_data> on 2023-10-01 12:57:35.039442+00:00
[2023-10-01T12:57:38.354+0000] {standard_task_runner.py:52} INFO - Started process 432 to run task
[2023-10-01T12:57:38.357+0000] {standard_task_runner.py:79} INFO - Running: ['***', 'tasks', 'run', 'Milestone3', 'cleaning_data', 'manual__2023-10-01T12:57:35.039442+00:00', '--job-id', '22', '--raw', '--subdir', 'DAGS_FOLDER/P2M3_maulana_priadhi_gajadi.py', '--cfg-path', '/tmp/tmp5fo5nn0o', '--error-file', '/tmp/tmpdn3sh2sv']
[2023-10-01T12:57:38.359+0000] {standard_task_runner.py:80} INFO - Job 22: Subtask cleaning_data
[2023-10-01T12:57:38.434+0000] {task_command.py:371} INFO - Running <TaskInstance: Milestone3.cleaning_data manual__2023-10-01T12:57:35.039442+00:00 [running]> on host 7f9228e255c3
[2023-10-01T12:57:38.515+0000] {taskinstance.py:1583} INFO - Exporting the following env vars:
AIRFLOW_CTX_DAG_OWNER=Maulana
AIRFLOW_CTX_DAG_ID=Milestone3
AIRFLOW_CTX_TASK_ID=cleaning_data
AIRFLOW_CTX_EXECUTION_DATE=2023-10-01T12:57:35.039442+00:00
AIRFLOW_CTX_TRY_NUMBER=1
AIRFLOW_CTX_DAG_RUN_ID=manual__2023-10-01T12:57:35.039442+00:00
[2023-10-01T12:57:39.110+0000] {python.py:173} INFO - Done. Returned value was: None
[2023-10-01T12:57:39.126+0000] {taskinstance.py:1412} INFO - Marking task as SUCCESS. dag_id=Milestone3, task_id=cleaning_data, execution_date=20231001T125735, start_date=20231001T125738, end_date=20231001T125739
[2023-10-01T12:57:39.174+0000] {local_task_job.py:156} INFO - Task exited with return code 0
[2023-10-01T12:57:39.221+0000] {local_task_job.py:279} INFO - 1 downstream tasks scheduled from follow-on schedule check
