[2023-10-02T08:44:03.869+0000] {taskinstance.py:1171} INFO - Dependencies all met for <TaskInstance: Milestone3.cleaning_data manual__2023-10-02T08:43:59.334594+00:00 [queued]>
[2023-10-02T08:44:03.882+0000] {taskinstance.py:1171} INFO - Dependencies all met for <TaskInstance: Milestone3.cleaning_data manual__2023-10-02T08:43:59.334594+00:00 [queued]>
[2023-10-02T08:44:03.883+0000] {taskinstance.py:1368} INFO - 
--------------------------------------------------------------------------------
[2023-10-02T08:44:03.884+0000] {taskinstance.py:1369} INFO - Starting attempt 1 of 1
[2023-10-02T08:44:03.885+0000] {taskinstance.py:1370} INFO - 
--------------------------------------------------------------------------------
[2023-10-02T08:44:03.900+0000] {taskinstance.py:1389} INFO - Executing <Task(PythonOperator): cleaning_data> on 2023-10-02 08:43:59.334594+00:00
[2023-10-02T08:44:03.906+0000] {standard_task_runner.py:52} INFO - Started process 1675 to run task
[2023-10-02T08:44:03.910+0000] {standard_task_runner.py:79} INFO - Running: ['***', 'tasks', 'run', 'Milestone3', 'cleaning_data', 'manual__2023-10-02T08:43:59.334594+00:00', '--job-id', '32', '--raw', '--subdir', 'DAGS_FOLDER/P2M3_maulana_priadhi_DAG.py', '--cfg-path', '/tmp/tmp821430kb', '--error-file', '/tmp/tmpxocx4mn0']
[2023-10-02T08:44:03.912+0000] {standard_task_runner.py:80} INFO - Job 32: Subtask cleaning_data
[2023-10-02T08:44:03.987+0000] {task_command.py:371} INFO - Running <TaskInstance: Milestone3.cleaning_data manual__2023-10-02T08:43:59.334594+00:00 [running]> on host 7f9228e255c3
[2023-10-02T08:44:04.068+0000] {taskinstance.py:1583} INFO - Exporting the following env vars:
AIRFLOW_CTX_DAG_OWNER=Maulana
AIRFLOW_CTX_DAG_ID=Milestone3
AIRFLOW_CTX_TASK_ID=cleaning_data
AIRFLOW_CTX_EXECUTION_DATE=2023-10-02T08:43:59.334594+00:00
AIRFLOW_CTX_TRY_NUMBER=1
AIRFLOW_CTX_DAG_RUN_ID=manual__2023-10-02T08:43:59.334594+00:00
[2023-10-02T08:44:04.520+0000] {python.py:173} INFO - Done. Returned value was: None
[2023-10-02T08:44:04.536+0000] {taskinstance.py:1412} INFO - Marking task as SUCCESS. dag_id=Milestone3, task_id=cleaning_data, execution_date=20231002T084359, start_date=20231002T084403, end_date=20231002T084404
[2023-10-02T08:44:04.564+0000] {local_task_job.py:156} INFO - Task exited with return code 0
[2023-10-02T08:44:04.603+0000] {local_task_job.py:279} INFO - 1 downstream tasks scheduled from follow-on schedule check
