[2023-10-01T12:56:24.060+0000] {taskinstance.py:1171} INFO - Dependencies all met for <TaskInstance: Milestone3.load_data manual__2023-10-01T12:56:22.205756+00:00 [queued]>
[2023-10-01T12:56:24.073+0000] {taskinstance.py:1171} INFO - Dependencies all met for <TaskInstance: Milestone3.load_data manual__2023-10-01T12:56:22.205756+00:00 [queued]>
[2023-10-01T12:56:24.074+0000] {taskinstance.py:1368} INFO - 
--------------------------------------------------------------------------------
[2023-10-01T12:56:24.075+0000] {taskinstance.py:1369} INFO - Starting attempt 1 of 1
[2023-10-01T12:56:24.076+0000] {taskinstance.py:1370} INFO - 
--------------------------------------------------------------------------------
[2023-10-01T12:56:24.096+0000] {taskinstance.py:1389} INFO - Executing <Task(PythonOperator): load_data> on 2023-10-01 12:56:22.205756+00:00
[2023-10-01T12:56:24.101+0000] {standard_task_runner.py:52} INFO - Started process 381 to run task
[2023-10-01T12:56:24.104+0000] {standard_task_runner.py:79} INFO - Running: ['***', 'tasks', 'run', 'Milestone3', 'load_data', 'manual__2023-10-01T12:56:22.205756+00:00', '--job-id', '17', '--raw', '--subdir', 'DAGS_FOLDER/P2M3_maulana_priadhi_DAG.py', '--cfg-path', '/tmp/tmpzk69f9l7', '--error-file', '/tmp/tmptdeiut2m']
[2023-10-01T12:56:24.105+0000] {standard_task_runner.py:80} INFO - Job 17: Subtask load_data
[2023-10-01T12:56:24.174+0000] {task_command.py:371} INFO - Running <TaskInstance: Milestone3.load_data manual__2023-10-01T12:56:22.205756+00:00 [running]> on host 7f9228e255c3
[2023-10-01T12:56:24.263+0000] {taskinstance.py:1583} INFO - Exporting the following env vars:
AIRFLOW_CTX_DAG_OWNER=Maulana
AIRFLOW_CTX_DAG_ID=Milestone3
AIRFLOW_CTX_TASK_ID=load_data
AIRFLOW_CTX_EXECUTION_DATE=2023-10-01T12:56:22.205756+00:00
AIRFLOW_CTX_TRY_NUMBER=1
AIRFLOW_CTX_DAG_RUN_ID=manual__2023-10-01T12:56:22.205756+00:00
[2023-10-01T12:56:24.676+0000] {python.py:173} INFO - Done. Returned value was: None
[2023-10-01T12:56:24.691+0000] {taskinstance.py:1412} INFO - Marking task as SUCCESS. dag_id=Milestone3, task_id=load_data, execution_date=20231001T125622, start_date=20231001T125624, end_date=20231001T125624
[2023-10-01T12:56:24.721+0000] {local_task_job.py:156} INFO - Task exited with return code 0
[2023-10-01T12:56:24.773+0000] {local_task_job.py:279} INFO - 0 downstream tasks scheduled from follow-on schedule check
