[2023-10-01T12:53:46.657+0000] {taskinstance.py:1171} INFO - Dependencies all met for <TaskInstance: Milestone3.load_data manual__2023-10-01T12:53:45.051622+00:00 [queued]>
[2023-10-01T12:53:46.670+0000] {taskinstance.py:1171} INFO - Dependencies all met for <TaskInstance: Milestone3.load_data manual__2023-10-01T12:53:45.051622+00:00 [queued]>
[2023-10-01T12:53:46.671+0000] {taskinstance.py:1368} INFO - 
--------------------------------------------------------------------------------
[2023-10-01T12:53:46.673+0000] {taskinstance.py:1369} INFO - Starting attempt 1 of 1
[2023-10-01T12:53:46.674+0000] {taskinstance.py:1370} INFO - 
--------------------------------------------------------------------------------
[2023-10-01T12:53:46.692+0000] {taskinstance.py:1389} INFO - Executing <Task(PythonOperator): load_data> on 2023-10-01 12:53:45.051622+00:00
[2023-10-01T12:53:46.699+0000] {standard_task_runner.py:52} INFO - Started process 309 to run task
[2023-10-01T12:53:46.701+0000] {standard_task_runner.py:79} INFO - Running: ['***', 'tasks', 'run', 'Milestone3', 'load_data', 'manual__2023-10-01T12:53:45.051622+00:00', '--job-id', '13', '--raw', '--subdir', 'DAGS_FOLDER/P2M3_maulana_priadhi_DAG.py', '--cfg-path', '/tmp/tmp_2djaqp1', '--error-file', '/tmp/tmp283lfg89']
[2023-10-01T12:53:46.703+0000] {standard_task_runner.py:80} INFO - Job 13: Subtask load_data
[2023-10-01T12:53:46.772+0000] {task_command.py:371} INFO - Running <TaskInstance: Milestone3.load_data manual__2023-10-01T12:53:45.051622+00:00 [running]> on host 7f9228e255c3
[2023-10-01T12:53:46.856+0000] {taskinstance.py:1583} INFO - Exporting the following env vars:
AIRFLOW_CTX_DAG_OWNER=Maulana
AIRFLOW_CTX_DAG_ID=Milestone3
AIRFLOW_CTX_TASK_ID=load_data
AIRFLOW_CTX_EXECUTION_DATE=2023-10-01T12:53:45.051622+00:00
AIRFLOW_CTX_TRY_NUMBER=1
AIRFLOW_CTX_DAG_RUN_ID=manual__2023-10-01T12:53:45.051622+00:00
[2023-10-01T12:53:47.305+0000] {python.py:173} INFO - Done. Returned value was: None
[2023-10-01T12:53:47.321+0000] {taskinstance.py:1412} INFO - Marking task as SUCCESS. dag_id=Milestone3, task_id=load_data, execution_date=20231001T125345, start_date=20231001T125346, end_date=20231001T125347
[2023-10-01T12:53:47.358+0000] {local_task_job.py:156} INFO - Task exited with return code 0
[2023-10-01T12:53:47.405+0000] {local_task_job.py:279} INFO - 1 downstream tasks scheduled from follow-on schedule check
